<?xml version="1.0" encoding="UTF-8"?>
<testng-results skipped="0" failed="0" total="4" passed="4">
  <reporter-output>
  </reporter-output>
  <suite name="imtiaz" duration-ms="37536" started-at="2019-07-07T05:48:57Z" finished-at="2019-07-07T05:49:35Z">
    <groups>
    </groups>
    <test name="imtiaztest" duration-ms="37536" started-at="2019-07-07T05:48:57Z" finished-at="2019-07-07T05:49:35Z">
      <class name="myPack.Imtiaz">
        <test-method status="PASS" signature="addEmp()[pri:0, instance:myPack.Imtiaz@1ba5a14]" name="addEmp" duration-ms="27933" started-at="2019-07-07T11:18:57Z" finished-at="2019-07-07T11:19:25Z">
          <reporter-output>
          </reporter-output>
        </test-method> <!-- addEmp -->
        <test-method status="PASS" signature="deleteEmp()[pri:0, instance:myPack.Imtiaz@1ba5a14]" name="deleteEmp" duration-ms="0" started-at="2019-07-07T11:19:25Z" finished-at="2019-07-07T11:19:25Z">
          <reporter-output>
          </reporter-output>
        </test-method> <!-- deleteEmp -->
        <test-method status="PASS" signature="editEmp()[pri:0, instance:myPack.Imtiaz@1ba5a14]" name="editEmp" duration-ms="1" started-at="2019-07-07T11:19:25Z" finished-at="2019-07-07T11:19:25Z">
          <reporter-output>
          </reporter-output>
        </test-method> <!-- editEmp -->
        <test-method status="PASS" signature="verifyLogin()[pri:0, instance:myPack.Imtiaz@1ba5a14]" name="verifyLogin" duration-ms="9575" started-at="2019-07-07T11:19:25Z" finished-at="2019-07-07T11:19:35Z">
          <reporter-output>
          </reporter-output>
        </test-method> <!-- verifyLogin -->
      </class> <!-- myPack.Imtiaz -->
    </test> <!-- imtiaztest -->
  </suite> <!-- imtiaz -->
</testng-results>
